airflow has 10 projects
[36m[[[airflow-3831]]][0m
[31mFAILED...[0m
Time :  24.76 seconds

[36m[[[airflow-4674]]][0m
[31mFAILED...[0m
Time :  0.01 seconds

[36m[[[airflow-5686]]][0m
Filename :  /home/wonseok/benchmark/airflow-5686/airflow/hooks/http_hook.py
[[[ Patch Node ]]]
if isinstance(conn.host, type(None)):
    conn.host = ''
[32mPASSED![0m
Time :  29.95 seconds

[36m[[[airflow-5955]]][0m
[31mFAILED...[0m
Time :  0.0 seconds

[36m[[[airflow-6036]]][0m
Filename :  /home/wonseok/benchmark/airflow-6036/airflow/gcp/hooks/dataflow.py
[[[ Patch Node ]]]
if isinstance(self._jobs, dict):
    self._jobs = [self._jobs]
[32mPASSED![0m
Time :  6.78 seconds

[36m[[[airflow-8151]]][0m
[33mERROR...[0m
  File "/home/wonseok/pyfix/my_tool/./test_main.py", line 170, in run
    works.work()
  File "/home/wonseok/pyfix/my_tool/work.py", line 166, in work
    self.patch_only_once(synthe)
  File "/home/wonseok/pyfix/my_tool/work.py", line 119, in patch_only_once
    target_arg, target_node = entry.get_function_entry_info(info, neg_file_node, neg_lineno)
  File "/home/wonseok/pyfix/my_tool/synthesizer/get_function_entry_info.py", line 40, in get_function_entry_info
    self.visit(node)
  File "/home/wonseok/.pyenv/versions/3.9.1/lib/python3.9/ast.py", line 407, in visit
    return visitor(node)
  File "/home/wonseok/.pyenv/versions/3.9.1/lib/python3.9/ast.py", line 415, in generic_visit
    self.visit(item)
  File "/home/wonseok/.pyenv/versions/3.9.1/lib/python3.9/ast.py", line 407, in visit
    return visitor(node)
  File "/home/wonseok/pyfix/my_tool/synthesizer/get_function_entry_info.py", line 32, in visit_FunctionDef
    self.generic_visit(node)
  File "/home/wonseok/.pyenv/versions/3.9.1/lib/python3.9/ast.py", line 415, in generic_visit
    self.visit(item)
  File "/home/wonseok/.pyenv/versions/3.9.1/lib/python3.9/ast.py", line 407, in visit
    return visitor(node)
  File "/home/wonseok/pyfix/my_tool/synthesizer/get_function_entry_info.py", line 26, in visit_FunctionDef
    if args[0].arg == 'self' :
list index out of range
Time :  3.75 seconds

[36m[[[airflow-12094]]][0m
[31mFAILED...[0m
Time :  0.01 seconds

[36m[[[airflow-14513]]][0m
Filename :  /home/wonseok/benchmark/airflow-14513/airflow/kubernetes/pod_launcher.py
[[[ Patch Node ]]]
if not isinstance(last_log_time, type(None)):
    while True:
        logs = self.read_pod_logs(pod, timestamps=True, since_seconds=read_logs_since_sec)
        for line in logs:
            (timestamp, message) = self.parse_log_line(line.decode('utf-8'))
            last_log_time = pendulum.parse(timestamp)
            self.log.info(message)
        time.sleep(1)
        if not self.base_container_is_running(pod):
            break
        self.log.warning('Pod %s log read interrupted', pod.metadata.name)
        delta = pendulum.now() - last_log_time
        read_logs_since_sec = math.ceil(delta.total_seconds())
[32mPASSED![0m
Time :  36.52 seconds

[36m[[[airflow-14686]]][0m
Filename :  /home/wonseok/benchmark/airflow-14686/airflow/providers/elasticsearch/log/es_task_handler.py
[[[ Patch Node ]]]
if isinstance(offset, str):
    offset = int(offset)
[32mPASSED![0m
Time :  5.27 seconds

[36m[[[airflow-15395]]][0m
[31mFAILED...[0m
Time :  0.0 seconds

PASSED :  4 / 10
beets has 1 projects
[36m[[[beets-3360]]][0m
[33mERROR...[0m
  File "/home/wonseok/pyfix/my_tool/./test_main.py", line 170, in run
    works.work()
  File "/home/wonseok/pyfix/my_tool/work.py", line 166, in work
    self.patch_only_once(synthe)
  File "/home/wonseok/pyfix/my_tool/work.py", line 73, in patch_only_once
    var_score = error_analysis.extract_score(error_stmt)
  File "/home/wonseok/pyfix/my_tool/type_analysis/error_analysis.py", line 274, in extract_score
    self.visit(node)
  File "/home/wonseok/.pyenv/versions/3.9.1/lib/python3.9/ast.py", line 407, in visit
    return visitor(node)
  File "/home/wonseok/.pyenv/versions/3.9.1/lib/python3.9/ast.py", line 417, in generic_visit
    self.visit(value)
  File "/home/wonseok/.pyenv/versions/3.9.1/lib/python3.9/ast.py", line 407, in visit
    return visitor(node)
  File "/home/wonseok/pyfix/my_tool/type_analysis/error_analysis.py", line 132, in visit_Call
    super().generic_visit(node)
  File "/home/wonseok/.pyenv/versions/3.9.1/lib/python3.9/ast.py", line 417, in generic_visit
    self.visit(value)
  File "/home/wonseok/.pyenv/versions/3.9.1/lib/python3.9/ast.py", line 407, in visit
    return visitor(node)
  File "/home/wonseok/pyfix/my_tool/type_analysis/error_analysis.py", line 200, in visit_Attribute
    name = extract_value(node)
  File "/home/wonseok/pyfix/my_tool/type_analysis/error_analysis.py", line 187, in extract_value
    value_name = extract_value(node.value.func)
  File "/home/wonseok/pyfix/my_tool/type_analysis/error_analysis.py", line 173, in extract_value
    if isinstance(node.value, ast.Attribute) :
'Name' object has no attribute 'value'
Time :  0.01 seconds

PASSED :  0 / 1
click has 1 projects
[36m[[[click-1551]]][0m
[31mFAILED...[0m
Time :  20.52 seconds

PASSED :  0 / 1
core has 10 projects
[36m[[[core-1972]]][0m
[31mFAILED...[0m
Time :  511.95 seconds

[36m[[[core-8065]]][0m
[33mERROR...[0m
  File "/home/wonseok/pyfix/my_tool/./test_main.py", line 161, in run
    asts, files_src = ast.get_asts(DIRECTORY, project)
  File "/home/wonseok/pyfix/my_tool/synthesizer/my_ast.py", line 32, in get_asts
    asts, files_src = self.files_to_asts(dir, project)
  File "/home/wonseok/pyfix/my_tool/synthesizer/my_ast.py", line 25, in files_to_asts
    tmp = ast.parse(src)
  File "/home/wonseok/.pyenv/versions/3.9.1/lib/python3.9/ast.py", line 50, in parse
    return compile(source, filename, mode, flags,
invalid syntax (<unknown>, line 34)
Time :  511.97 seconds

[36m[[[core-20233]]][0m
Filename :  /home/wonseok/benchmark/core-20233/homeassistant/helpers/template.py
[[[ Patch Node ]]]
if isinstance(value, datetime.datetime):
    value = str(value)
[32mPASSED![0m
Time :  2.91 seconds

[36m[[[core-21734]]][0m
[31mFAILED...[0m
Time :  233.21 seconds

[36m[[[core-29829]]][0m
[31mFAILED...[0m
Time :  515.72 seconds

[36m[[[core-32222]]][0m
Filename :  /home/wonseok/benchmark/core-32222/homeassistant/components/unifi/device_tracker.py
[[[ Patch Node ]]]
if isinstance(self.client.last_seen, type(None)):
    return False
[32mPASSED![0m
Time :  6.19 seconds

[36m[[[core-32318]]][0m
[31mFAILED...[0m
Time :  1741.09 seconds

[36m[[[core-38605]]][0m
[31mFAILED...[0m
Time :  0.01 seconds

[36m[[[core-40034-1]]][0m
Filename :  /home/wonseok/benchmark/core-40034-1/homeassistant/helpers/condition.py
[[[ Patch Node ]]]
if isinstance(config, homeassistant.helpers.template.Template):
    continue
[32mPASSED![0m
Time :  36.84 seconds

[36m[[[core-40034-2]]][0m
Filename :  /home/wonseok/benchmark/core-40034-2/homeassistant/helpers/condition.py
[[[ Patch Node ]]]
if isinstance(config, homeassistant.helpers.template.Template):
    continue
[32mPASSED![0m
Time :  37.16 seconds

PASSED :  4 / 10
luigi has 3 projects
[36m[[[luigi-1836]]][0m
[31mFAILED...[0m
Time :  0.0 seconds

[36m[[[luigi-2168]]][0m
[31mFAILED...[0m
Time :  0.03 seconds

[36m[[[luigi-2323]]][0m
[31mFAILED...[0m
Time :  0.02 seconds

PASSED :  0 / 3
numpy has 4 projects
[36m[[[numpy-8200]]][0m
[33mERROR...[0m
  File "/home/wonseok/pyfix/my_tool/./test_main.py", line 170, in run
    works.work()
  File "/home/wonseok/pyfix/my_tool/work.py", line 166, in work
    self.patch_only_once(synthe)
  File "/home/wonseok/pyfix/my_tool/work.py", line 54, in patch_only_once
    neg_file_node = self.files[neg_filename]
'/home/wonseok/benchmark/numpy-8200/numpy/testing/utils.py'
Time :  0.04 seconds

[36m[[[numpy-9999]]][0m
[31mFAILED...[0m
Time :  0.0 seconds

[36m[[[numpy-10473]]][0m
[31mFAILED...[0m
Time :  586.55 seconds

[36m[[[numpy-19094]]][0m
Filename :  /home/wonseok/benchmark/numpy-19094/numpy/typing/_generic_alias.py
[[[ Patch Node ]]]
if isinstance(i, typing._GenericAlias):
    continue
[32mPASSED![0m
Time :  4.21 seconds

PASSED :  1 / 4
pandas has 30 projects
[36m[[[pandas-15941]]][0m
[31mFAILED...[0m
Time :  10.82 seconds

[36m[[[pandas-17430]]][0m
None Type Casting Other Type
Type :  matplotlib.colors.LinearSegmentedColormap
None Type Casting Other Type
Type :  pandas.core.series.Series
None Type Casting Other Type
Type :  matplotlib.colors.LinearSegmentedColormap
None Type Casting Other Type
Type :  pandas.core.series.Series
[31mFAILED...[0m
Time :  3087.82 seconds

[36m[[[pandas-17609]]][0m
Filename :  /home/wonseok/benchmark/pandas-17609/pandas/util/_decorators.py
[32mPASSED![0m
Time :  2.86 seconds

[36m[[[pandas-17779]]][0m
[31mFAILED...[0m
Time :  0.0 seconds

[36m[[[pandas-19276]]][0m
Filename :  /home/wonseok/benchmark/pandas-19276/pandas/core/indexes/datetimes.py
[[[ Patch Node ]]]
if isinstance(other, pandas._libs.tslibs.nattype.NaTType):
    return None
[32mPASSED![0m
Time :  5.58 seconds

[36m[[[pandas-20968-1]]][0m
Filename :  /home/wonseok/benchmark/pandas-20968-1/pandas/plotting/_core.py
[[[ Patch Node ]]]
if not isinstance(kwds, dict):
    for ((key, group), ax) in zip(grouped, axes):
        d = group.boxplot(ax=ax, column=column, fontsize=fontsize, rot=rot, grid=grid, **kwds)
        ax.set_title(pprint_thing(key))
        ret.loc[key] = d
[32mPASSED![0m
Time :  3184.19 seconds

[36m[[[pandas-20968-2]]][0m
Filename :  /home/wonseok/benchmark/pandas-20968-2/pandas/plotting/_core.py
[[[ Patch Node ]]]
if not isinstance(kwds, dict):
    for ((key, group), ax) in zip(grouped, axes):
        d = group.boxplot(ax=ax, column=column, fontsize=fontsize, rot=rot, grid=grid, **kwds)
        ax.set_title(pprint_thing(key))
        ret.loc[key] = d
[32mPASSED![0m
Time :  3285.43 seconds

[36m[[[pandas-21540]]][0m
Filename :  /home/wonseok/benchmark/pandas-21540/pandas/io/json/normalize.py
[32mPASSED![0m
Time :  104.98 seconds

[36m[[[pandas-21590-1]]][0m
[31mFAILED...[0m
Time :  199.02 seconds

[36m[[[pandas-21590-2]]][0m
[31mFAILED...[0m
Time :  167.22 seconds

[36m[[[pandas-22072]]][0m
[31mFAILED...[0m
Time :  769.76 seconds

[36m[[[pandas-22198]]][0m
Filename :  /home/wonseok/benchmark/pandas-22198/pandas/core/arrays/datetimes.py
[[[ Patch Node ]]]
if isinstance(other, numpy.datetime64):
    return None
[32mPASSED![0m
Time :  15.38 seconds

[36m[[[pandas-22378]]][0m
Filename :  /home/wonseok/benchmark/pandas-22378/pandas/core/ops.py
[[[ Patch Node ]]]
if not isinstance(right, str):
    return dispatch_to_extension_op(op, left, right)
[32mPASSED![0m
Time :  292.51 seconds

[36m[[[pandas-22804]]][0m
[31mFAILED...[0m
Time :  692.3 seconds

[36m[[[pandas-25533]]][0m
Filename :  /home/wonseok/benchmark/pandas-25533/pandas/core/series.py
[32mPASSED![0m
Time :  227.71 seconds

[36m[[[pandas-25759]]][0m
[31mFAILED...[0m
Time :  3124.02 seconds

[36m[[[pandas-26765]]][0m
Filename :  /home/wonseok/benchmark/pandas-26765/pandas/core/arrays/categorical.py
[32mPASSED![0m
Time :  7.21 seconds

[36m[[[pandas-28251]]][0m
[31mFAILED...[0m
Time :  764.76 seconds

[36m[[[pandas-30532]]][0m
[31mFAILED...[0m
Time :  343.53 seconds

[36m[[[pandas-32223]]][0m
Attribute(
    value=Compare(
        left=Name(id='casted', ctx=Load()),
        ops=[
            Eq()],
        comparators=[
            Name(id='values', ctx=Load())]),
    attr='all',
    ctx=Load())
[33mERROR...[0m
  File "/home/wonseok/pyfix/my_tool/./test_main.py", line 170, in run
    works.work()
  File "/home/wonseok/pyfix/my_tool/work.py", line 166, in work
    self.patch_only_once(synthe)
  File "/home/wonseok/pyfix/my_tool/work.py", line 73, in patch_only_once
    var_score = error_analysis.extract_score(error_stmt)
  File "/home/wonseok/pyfix/my_tool/type_analysis/error_analysis.py", line 274, in extract_score
    self.visit(node)
  File "/home/wonseok/.pyenv/versions/3.9.1/lib/python3.9/ast.py", line 407, in visit
    return visitor(node)
  File "/home/wonseok/.pyenv/versions/3.9.1/lib/python3.9/ast.py", line 417, in generic_visit
    self.visit(value)
  File "/home/wonseok/.pyenv/versions/3.9.1/lib/python3.9/ast.py", line 407, in visit
    return visitor(node)
  File "/home/wonseok/pyfix/my_tool/type_analysis/error_analysis.py", line 132, in visit_Call
    super().generic_visit(node)
  File "/home/wonseok/.pyenv/versions/3.9.1/lib/python3.9/ast.py", line 415, in generic_visit
    self.visit(item)
  File "/home/wonseok/.pyenv/versions/3.9.1/lib/python3.9/ast.py", line 407, in visit
    return visitor(node)
  File "/home/wonseok/.pyenv/versions/3.9.1/lib/python3.9/ast.py", line 417, in generic_visit
    self.visit(value)
  File "/home/wonseok/.pyenv/versions/3.9.1/lib/python3.9/ast.py", line 407, in visit
    return visitor(node)
  File "/home/wonseok/.pyenv/versions/3.9.1/lib/python3.9/ast.py", line 417, in generic_visit
    self.visit(value)
  File "/home/wonseok/.pyenv/versions/3.9.1/lib/python3.9/ast.py", line 407, in visit
    return visitor(node)
  File "/home/wonseok/pyfix/my_tool/type_analysis/error_analysis.py", line 132, in visit_Call
    super().generic_visit(node)
  File "/home/wonseok/.pyenv/versions/3.9.1/lib/python3.9/ast.py", line 417, in generic_visit
    self.visit(value)
  File "/home/wonseok/.pyenv/versions/3.9.1/lib/python3.9/ast.py", line 407, in visit
    return visitor(node)
  File "/home/wonseok/pyfix/my_tool/type_analysis/error_analysis.py", line 200, in visit_Attribute
    name = extract_value(node)
  File "/home/wonseok/pyfix/my_tool/type_analysis/error_analysis.py", line 187, in extract_value
    value_name = extract_value(node.value.func)
  File "/home/wonseok/pyfix/my_tool/type_analysis/error_analysis.py", line 173, in extract_value
    if isinstance(node.value, ast.Attribute) :
'Name' object has no attribute 'value'
Time :  1658.43 seconds

[36m[[[pandas-32953]]][0m
Filename :  /home/wonseok/benchmark/pandas-32953/pandas/core/reshape/concat.py
[[[ Patch Node ]]]
if issubclass(objs.__class__, collections.abc.Mapping):
    objs = dict(objs)
[32mPASSED![0m
Time :  5.42 seconds

[36m[[[pandas-33373]]][0m
[33mERROR...[0m
  File "/home/wonseok/pyfix/my_tool/./test_main.py", line 170, in run
    works.work()
  File "/home/wonseok/pyfix/my_tool/work.py", line 166, in work
    self.patch_only_once(synthe)
  File "/home/wonseok/pyfix/my_tool/work.py", line 73, in patch_only_once
    var_score = error_analysis.extract_score(error_stmt)
  File "/home/wonseok/pyfix/my_tool/type_analysis/error_analysis.py", line 274, in extract_score
    self.visit(node)
  File "/home/wonseok/.pyenv/versions/3.9.1/lib/python3.9/ast.py", line 407, in visit
    return visitor(node)
  File "/home/wonseok/pyfix/my_tool/type_analysis/error_analysis.py", line 106, in visit_Assign
    self.visit(node.value)
  File "/home/wonseok/.pyenv/versions/3.9.1/lib/python3.9/ast.py", line 407, in visit
    return visitor(node)
  File "/home/wonseok/pyfix/my_tool/type_analysis/error_analysis.py", line 132, in visit_Call
    super().generic_visit(node)
  File "/home/wonseok/.pyenv/versions/3.9.1/lib/python3.9/ast.py", line 417, in generic_visit
    self.visit(value)
  File "/home/wonseok/.pyenv/versions/3.9.1/lib/python3.9/ast.py", line 407, in visit
    return visitor(node)
  File "/home/wonseok/pyfix/my_tool/type_analysis/error_analysis.py", line 200, in visit_Attribute
    name = extract_value(node)
  File "/home/wonseok/pyfix/my_tool/type_analysis/error_analysis.py", line 187, in extract_value
    value_name = extract_value(node.value.func)
  File "/home/wonseok/pyfix/my_tool/type_analysis/error_analysis.py", line 173, in extract_value
    if isinstance(node.value, ast.Attribute) :
'Name' object has no attribute 'value'
Time :  1141.18 seconds

[36m[[[pandas-36950]]][0m
[31mFAILED...[0m
Time :  169.75 seconds

[36m[[[pandas-37736]]][0m
[33mERROR...[0m
  File "/home/wonseok/pyfix/my_tool/./test_main.py", line 170, in run
    works.work()
  File "/home/wonseok/pyfix/my_tool/work.py", line 166, in work
    self.patch_only_once(synthe)
  File "/home/wonseok/pyfix/my_tool/work.py", line 73, in patch_only_once
    var_score = error_analysis.extract_score(error_stmt)
  File "/home/wonseok/pyfix/my_tool/type_analysis/error_analysis.py", line 274, in extract_score
    self.visit(node)
  File "/home/wonseok/.pyenv/versions/3.9.1/lib/python3.9/ast.py", line 407, in visit
    return visitor(node)
  File "/home/wonseok/.pyenv/versions/3.9.1/lib/python3.9/ast.py", line 417, in generic_visit
    self.visit(value)
  File "/home/wonseok/.pyenv/versions/3.9.1/lib/python3.9/ast.py", line 407, in visit
    return visitor(node)
  File "/home/wonseok/pyfix/my_tool/type_analysis/error_analysis.py", line 132, in visit_Call
    super().generic_visit(node)
  File "/home/wonseok/.pyenv/versions/3.9.1/lib/python3.9/ast.py", line 415, in generic_visit
    self.visit(item)
  File "/home/wonseok/.pyenv/versions/3.9.1/lib/python3.9/ast.py", line 407, in visit
    return visitor(node)
  File "/home/wonseok/.pyenv/versions/3.9.1/lib/python3.9/ast.py", line 415, in generic_visit
    self.visit(item)
  File "/home/wonseok/.pyenv/versions/3.9.1/lib/python3.9/ast.py", line 407, in visit
    return visitor(node)
  File "/home/wonseok/.pyenv/versions/3.9.1/lib/python3.9/ast.py", line 417, in generic_visit
    self.visit(value)
  File "/home/wonseok/.pyenv/versions/3.9.1/lib/python3.9/ast.py", line 407, in visit
    return visitor(node)
  File "/home/wonseok/pyfix/my_tool/type_analysis/error_analysis.py", line 200, in visit_Attribute
    name = extract_value(node)
  File "/home/wonseok/pyfix/my_tool/type_analysis/error_analysis.py", line 187, in extract_value
    value_name = extract_value(node.value.func)
  File "/home/wonseok/pyfix/my_tool/type_analysis/error_analysis.py", line 173, in extract_value
    if isinstance(node.value, ast.Attribute) :
'Name' object has no attribute 'value'
Time :  14.75 seconds

[36m[[[pandas-38220]]][0m
[33mERROR...[0m
  File "/home/wonseok/pyfix/my_tool/./test_main.py", line 170, in run
    works.work()
  File "/home/wonseok/pyfix/my_tool/work.py", line 166, in work
    self.patch_only_once(synthe)
  File "/home/wonseok/pyfix/my_tool/work.py", line 73, in patch_only_once
    var_score = error_analysis.extract_score(error_stmt)
  File "/home/wonseok/pyfix/my_tool/type_analysis/error_analysis.py", line 274, in extract_score
    self.visit(node)
  File "/home/wonseok/.pyenv/versions/3.9.1/lib/python3.9/ast.py", line 407, in visit
    return visitor(node)
  File "/home/wonseok/.pyenv/versions/3.9.1/lib/python3.9/ast.py", line 417, in generic_visit
    self.visit(value)
  File "/home/wonseok/.pyenv/versions/3.9.1/lib/python3.9/ast.py", line 407, in visit
    return visitor(node)
  File "/home/wonseok/pyfix/my_tool/type_analysis/error_analysis.py", line 132, in visit_Call
    super().generic_visit(node)
  File "/home/wonseok/.pyenv/versions/3.9.1/lib/python3.9/ast.py", line 417, in generic_visit
    self.visit(value)
  File "/home/wonseok/.pyenv/versions/3.9.1/lib/python3.9/ast.py", line 407, in visit
    return visitor(node)
  File "/home/wonseok/pyfix/my_tool/type_analysis/error_analysis.py", line 200, in visit_Attribute
    name = extract_value(node)
  File "/home/wonseok/pyfix/my_tool/type_analysis/error_analysis.py", line 187, in extract_value
    value_name = extract_value(node.value.func)
  File "/home/wonseok/pyfix/my_tool/type_analysis/error_analysis.py", line 173, in extract_value
    if isinstance(node.value, ast.Attribute) :
'Name' object has no attribute 'value'
Time :  171.59 seconds

[36m[[[pandas-38431]]][0m
Filename :  /home/wonseok/benchmark/pandas-38431/pandas/io/parsers.py
[[[ Patch Node ]]]
if isinstance(self.index_col, type(None)):
    return True
[32mPASSED![0m
Time :  19.29 seconds

[36m[[[pandas-39095]]][0m
Filename :  /home/wonseok/benchmark/pandas-39095/pandas/core/indexes/base.py
[[[ Patch Node ]]]
if isinstance(self, pandas.core.indexes.datetimes.DatetimeIndex):
    return indexer
[32mPASSED![0m
Time :  4302.2 seconds

[36m[[[pandas-41155]]][0m
[31mFAILED...[0m
Time :  1896.61 seconds

[36m[[[pandas-41406]]][0m
Filename :  /home/wonseok/benchmark/pandas-41406/pandas/core/frame.py
[[[ Patch Node ]]]
if issubclass(key.__class__, str):
    key = str(key)
[32mPASSED![0m
Time :  13.53 seconds

[36m[[[pandas-41915]]][0m
[31mFAILED...[0m
Time :  1414.3 seconds

PASSED :  13 / 30
rasa has 1 projects
[36m[[[rasa-8704]]][0m
[31mFAILED...[0m
Time :  0.01 seconds

PASSED :  0 / 1
requests has 4 projects
[36m[[[requests-3179]]][0m
Filename :  /home/wonseok/benchmark/requests-3179/requests/models.py
[[[ Patch Node ]]]
if self.content and (not self.encoding and len(self.content) > 3):
    encoding = guess_json_utf(self.content)
    if encoding is not None:
        try:
            return complexjson.loads(self.content.decode(encoding), **kwargs)
        except UnicodeDecodeError:
            pass
[32mPASSED![0m
Time :  24.25 seconds

[36m[[[requests-3368]]][0m
Filename :  /home/wonseok/benchmark/requests-3368/requests/models.py
[[[ Patch Node ]]]
if not isinstance(chunk_size, type(None)):
    raise TypeError('chunk_size must be an int, it is instead a %s.' % type(chunk_size))
[32mPASSED![0m
Time :  41.5 seconds

[36m[[[requests-3390]]][0m
None Type Casting Other Type
Type :  requests.auth.HTTPDigestAuth
[31mFAILED...[0m
Time :  1333.49 seconds

[36m[[[requests-4723]]][0m
Filename :  /home/wonseok/benchmark/requests-4723/requests/utils.py
[[[ Patch Node ]]]
if isinstance(parsed.hostname, type(None)):
    return True
[32mPASSED![0m
Time :  23.98 seconds

PASSED :  3 / 4
rich has 1 projects
[36m[[[rich-919]]][0m
[31mFAILED...[0m
Time :  414.27 seconds

PASSED :  0 / 1
salt has 11 projects
[36m[[[salt-33908]]][0m
Not Found
[36m[[[salt-38947]]][0m
Not Found
[36m[[[salt-40465]]][0m
Not Found
[36m[[[salt-50958]]][0m
Not Found
[36m[[[salt-52624]]][0m
Filename :  /home/wonseok/benchmark/salt-52624/salt/cli/batch.py
[32mPASSED![0m
Time :  3.54 seconds

[36m[[[salt-52980]]][0m
Not Found
[36m[[[salt-53394]]][0m
Filename :  /home/wonseok/benchmark/salt-53394/salt/utils/http.py
[[[ Patch Node ]]]
if isinstance(pgctnt, type(None)):
    return pgctnt
[32mPASSED![0m
Time :  4.59 seconds

[36m[[[salt-54240]]][0m
[31mFAILED...[0m
Time :  133.23 seconds

[36m[[[salt-54785]]][0m
[31mFAILED...[0m
Time :  400.12 seconds

[36m[[[salt-56094]]][0m
[31mFAILED...[0m
Time :  0.0 seconds

[36m[[[salt-56381]]][0m
[('__constant__', 'str')]
[(<ast.Subscript object at 0x7f3eef013400>, 'typing.Any')]
[31mFAILED...[0m
Time :  2920.42 seconds

PASSED :  2 / 11
sanic has 2 projects
[36m[[[sanic-1334]]][0m
Filename :  /home/wonseok/benchmark/sanic-1334/sanic/blueprints.py
[[[ Patch Node ]]]
if isinstance(bp.url_prefix, type(None)):
    bp.url_prefix = ''
[32mPASSED![0m
Time :  6.83 seconds

[36m[[[sanic-2008]]][0m
[31mFAILED...[0m
Time :  0.0 seconds

PASSED :  1 / 2
scikitlearn has 3 projects
[36m[[[scikitlearn-7064]]][0m
Filename :  /home/wonseok/benchmark/scikitlearn-7064/sklearn/svm/base.py
[[[ Patch Node ]]]
if isinstance(kernel, bytes):
    return self
[32mPASSED![0m
Time :  51.37 seconds

[36m[[[scikitlearn-8973]]][0m
Filename :  /home/wonseok/benchmark/scikitlearn-8973/sklearn/linear_model/coordinate_descent.py
[[[ Patch Node ]]]
if isinstance(cv, sklearn.model_selection._split.StratifiedKFold):
    return self
[32mPASSED![0m
Time :  210.84 seconds

[36m[[[scikitlearn-17233]]][0m
[33mERROR...[0m
  File "/home/wonseok/pyfix/my_tool/./test_main.py", line 170, in run
    works.work()
  File "/home/wonseok/pyfix/my_tool/work.py", line 166, in work
    self.patch_only_once(synthe)
  File "/home/wonseok/pyfix/my_tool/work.py", line 119, in patch_only_once
    target_arg, target_node = entry.get_function_entry_info(info, neg_file_node, neg_lineno)
  File "/home/wonseok/pyfix/my_tool/synthesizer/get_function_entry_info.py", line 40, in get_function_entry_info
    self.visit(node)
  File "/home/wonseok/.pyenv/versions/3.9.1/lib/python3.9/ast.py", line 407, in visit
    return visitor(node)
  File "/home/wonseok/.pyenv/versions/3.9.1/lib/python3.9/ast.py", line 415, in generic_visit
    self.visit(item)
  File "/home/wonseok/.pyenv/versions/3.9.1/lib/python3.9/ast.py", line 407, in visit
    return visitor(node)
  File "/home/wonseok/pyfix/my_tool/synthesizer/get_function_entry_info.py", line 32, in visit_FunctionDef
    self.generic_visit(node)
  File "/home/wonseok/.pyenv/versions/3.9.1/lib/python3.9/ast.py", line 415, in generic_visit
    self.visit(item)
  File "/home/wonseok/.pyenv/versions/3.9.1/lib/python3.9/ast.py", line 407, in visit
    return visitor(node)
  File "/home/wonseok/pyfix/my_tool/synthesizer/get_function_entry_info.py", line 26, in visit_FunctionDef
    if args[0].arg == 'self' :
list index out of range
Time :  87.62 seconds

PASSED :  2 / 3
tornado has 1 projects
[36m[[[tornado-1689]]][0m
[31mFAILED...[0m
Time :  284.03 seconds

PASSED :  0 / 1
transformers has 1 projects
[36m[[[transformers-8052]]][0m
[33mERROR...[0m
  File "/home/wonseok/pyfix/my_tool/./test_main.py", line 170, in run
    works.work()
  File "/home/wonseok/pyfix/my_tool/work.py", line 166, in work
    self.patch_only_once(synthe)
  File "/home/wonseok/pyfix/my_tool/work.py", line 73, in patch_only_once
    var_score = error_analysis.extract_score(error_stmt)
  File "/home/wonseok/pyfix/my_tool/type_analysis/error_analysis.py", line 274, in extract_score
    self.visit(node)
  File "/home/wonseok/.pyenv/versions/3.9.1/lib/python3.9/ast.py", line 407, in visit
    return visitor(node)
  File "/home/wonseok/.pyenv/versions/3.9.1/lib/python3.9/ast.py", line 417, in generic_visit
    self.visit(value)
  File "/home/wonseok/.pyenv/versions/3.9.1/lib/python3.9/ast.py", line 407, in visit
    return visitor(node)
  File "/home/wonseok/pyfix/my_tool/type_analysis/error_analysis.py", line 132, in visit_Call
    super().generic_visit(node)
  File "/home/wonseok/.pyenv/versions/3.9.1/lib/python3.9/ast.py", line 415, in generic_visit
    self.visit(item)
  File "/home/wonseok/.pyenv/versions/3.9.1/lib/python3.9/ast.py", line 407, in visit
    return visitor(node)
  File "/home/wonseok/pyfix/my_tool/type_analysis/error_analysis.py", line 157, in visit_BinOp
    left = self.visit(node.left)
  File "/home/wonseok/.pyenv/versions/3.9.1/lib/python3.9/ast.py", line 407, in visit
    return visitor(node)
  File "/home/wonseok/pyfix/my_tool/type_analysis/error_analysis.py", line 164, in visit_BinOp
    left.extend(right)
'NoneType' object has no attribute 'extend'
Time :  0.56 seconds

PASSED :  0 / 1
Total :  30 / 83
